\BOOKMARK [1][-]{section.1}{Introduction and Motivation}{}% 1
\BOOKMARK [1][-]{section.2}{Previous Work}{}% 2
\BOOKMARK [1][-]{section.3}{Methodology}{}% 3
\BOOKMARK [2][-]{subsection.3.1}{Watershed Segmentation}{section.3}% 4
\BOOKMARK [2][-]{subsection.3.2}{Symmetry Analysis}{section.3}% 5
\BOOKMARK [2][-]{subsection.3.3}{Expansion to Full Image Set}{section.3}% 6
\BOOKMARK [1][-]{section.4}{Results}{}% 7
\BOOKMARK [2][-]{subsection.4.1}{Watershed Segmentation}{section.4}% 8
\BOOKMARK [2][-]{subsection.4.2}{Symmetry Analysis}{section.4}% 9
\BOOKMARK [2][-]{subsection.4.3}{Expansion to Full Image Set}{section.4}% 10
\BOOKMARK [1][-]{section.5}{Discussion}{}% 11
\BOOKMARK [1][-]{section.6}{Conclusion and Further Work}{}% 12
\BOOKMARK [1][-]{section.7}{References}{}% 13
\BOOKMARK [1][-]{section.8}{Appendix A: Watershed Segmentation Images}{}% 14
\BOOKMARK [1][-]{section.9}{Appendix B: Symmetry Analysis Images}{}% 15
\BOOKMARK [1][-]{section.10}{Appendix C: MATLAB code}{}% 16
\BOOKMARK [2][-]{subsection.10.1}{Watershed Segmentation Code}{section.10}% 17
\BOOKMARK [3][-]{subsubsection.10.1.1}{filename.m}{subsection.10.1}% 18
\BOOKMARK [2][-]{subsection.10.2}{Symmetry Analysis Code}{section.10}% 19
\BOOKMARK [3][-]{subsubsection.10.2.1}{filename.m}{subsection.10.2}% 20
\BOOKMARK [2][-]{subsection.10.3}{Anomaly Detection Code}{section.10}% 21
\BOOKMARK [3][-]{subsubsection.10.3.1}{filename.m}{subsection.10.3}% 22
\BOOKMARK [2][-]{subsection.10.4}{Miscellaneous Code}{section.10}% 23
\BOOKMARK [3][-]{subsubsection.10.4.1}{python.py}{subsection.10.4}% 24
